<?xml version="1.0" encoding="UTF-8"?>
<!-- Generated by org.testng.reporters.JUnitXMLReporter -->
<testsuite ignored="8" hostname="DESKTOP-2R5B3SA" failures="0" tests="6" name="Test" time="88.574" errors="0" timestamp="2022-10-18T17:25:40 IST">
  <testcase classname="A1TestNG.OrganizationTest" name="organizationTest" time="13.14"/>
  <testcase classname="A1TestNG.OrganizationTest" name="modifyOrg" time="0.002"/>
  <testcase classname="A1TestNG.ZCampaignTest" name="modifyCampaign" time="0.002"/>
  <testcase classname="A1TestNG.ZCampaignTest" name="zcampaignTest" time="10.806"/>
  <testcase classname="A1TestNG.ProductTest" name="ProductModify" time="0.002"/>
  <testcase classname="A1TestNG.ProductTest" name="productTest" time="14.241"/>
  <testcase classname="BaseCase.BaseClass" name="@BeforeSuite BS" time="0.0">
    <ignored/>
  </testcase> <!-- @BeforeSuite BS -->
  <testcase classname="BaseCase.BaseClass" name="@BeforeSuite BS" time="0.0">
    <ignored/>
  </testcase> <!-- @BeforeSuite BS -->
  <testcase classname="BaseCase.BaseClass" name="@AfterTest AT" time="0.0">
    <ignored/>
  </testcase> <!-- @AfterTest AT -->
  <testcase classname="BaseCase.BaseClass" name="@AfterTest AT" time="0.0">
    <ignored/>
  </testcase> <!-- @AfterTest AT -->
  <testcase classname="BaseCase.BaseClass" name="@BeforeTest BT" time="0.0">
    <ignored/>
  </testcase> <!-- @BeforeTest BT -->
  <testcase classname="BaseCase.BaseClass" name="@BeforeTest BT" time="0.0">
    <ignored/>
  </testcase> <!-- @BeforeTest BT -->
  <testcase classname="BaseCase.BaseClass" name="@AfterSuite AS" time="0.0">
    <ignored/>
  </testcase> <!-- @AfterSuite AS -->
  <testcase classname="BaseCase.BaseClass" name="@AfterSuite AS" time="0.0">
    <ignored/>
  </testcase> <!-- @AfterSuite AS -->
</testsuite> <!-- Test -->
